D:\DOCUMENTS\VISUAL STUDIO 2012\PROJECTS\COUNTING SYSTEM\COUNTING SYSTEM\DEBUG\VC110.PDB
D:\DOCUMENTS\VISUAL STUDIO 2012\PROJECTS\COUNTING SYSTEM\COUNTING SYSTEM\DEBUG\MAIN.OBJ
D:\DOCUMENTS\VISUAL STUDIO 2012\PROJECTS\COUNTING SYSTEM\COUNTING SYSTEM\DEBUG\COUNTING.OBJ
D:\DOCUMENTS\VISUAL STUDIO 2012\PROJECTS\COUNTING SYSTEM\COUNTING SYSTEM\DEBUG\BM.OBJ
D:\DOCUMENTS\VISUAL STUDIO 2012\PROJECTS\COUNTING SYSTEM\COUNTING SYSTEM\DEBUG\SURF.OBJ
D:\DOCUMENTS\VISUAL STUDIO 2012\PROJECTS\COUNTING SYSTEM\COUNTING SYSTEM\DEBUG\DBSCAN.OBJ
D:\DOCUMENTS\VISUAL STUDIO 2012\PROJECTS\COUNTING SYSTEM\DEBUG\COUNTING SYSTEM.ILK
D:\DOCUMENTS\VISUAL STUDIO 2012\PROJECTS\COUNTING SYSTEM\DEBUG\COUNTING SYSTEM.EXE
D:\DOCUMENTS\VISUAL STUDIO 2012\PROJECTS\COUNTING SYSTEM\DEBUG\COUNTING SYSTEM.PDB
d:\documents\visual studio 2012\Projects\Counting System\Counting System\Debug\bm.obj
d:\documents\visual studio 2012\Projects\Counting System\Counting System\Debug\Counting.obj
d:\documents\visual studio 2012\Projects\Counting System\Counting System\Debug\DBScan.obj
d:\documents\visual studio 2012\Projects\Counting System\Counting System\Debug\main.obj
d:\documents\visual studio 2012\Projects\Counting System\Counting System\Debug\Surf.obj
d:\documents\visual studio 2012\Projects\Counting System\Counting System\Debug\cl.command.1.tlog
d:\documents\visual studio 2012\Projects\Counting System\Counting System\Debug\CL.read.1.tlog
d:\documents\visual studio 2012\Projects\Counting System\Counting System\Debug\CL.write.1.tlog
d:\documents\visual studio 2012\Projects\Counting System\Counting System\Debug\link-cvtres.read.1.tlog
d:\documents\visual studio 2012\Projects\Counting System\Counting System\Debug\link-cvtres.write.1.tlog
d:\documents\visual studio 2012\Projects\Counting System\Counting System\Debug\link-rc.read.1.tlog
d:\documents\visual studio 2012\Projects\Counting System\Counting System\Debug\link-rc.write.1.tlog
d:\documents\visual studio 2012\Projects\Counting System\Counting System\Debug\link.10060-cvtres.read.1.tlog
d:\documents\visual studio 2012\Projects\Counting System\Counting System\Debug\link.10060-cvtres.write.1.tlog
d:\documents\visual studio 2012\Projects\Counting System\Counting System\Debug\link.10060-rc.read.1.tlog
d:\documents\visual studio 2012\Projects\Counting System\Counting System\Debug\link.10060-rc.write.1.tlog
d:\documents\visual studio 2012\Projects\Counting System\Counting System\Debug\link.10060.read.1.tlog
d:\documents\visual studio 2012\Projects\Counting System\Counting System\Debug\link.10060.write.1.tlog
d:\documents\visual studio 2012\Projects\Counting System\Counting System\Debug\link.1432-cvtres.read.1.tlog
d:\documents\visual studio 2012\Projects\Counting System\Counting System\Debug\link.1432-cvtres.write.1.tlog
d:\documents\visual studio 2012\Projects\Counting System\Counting System\Debug\link.1432-rc.read.1.tlog
d:\documents\visual studio 2012\Projects\Counting System\Counting System\Debug\link.1432-rc.write.1.tlog
d:\documents\visual studio 2012\Projects\Counting System\Counting System\Debug\link.1432.read.1.tlog
d:\documents\visual studio 2012\Projects\Counting System\Counting System\Debug\link.1432.write.1.tlog
d:\documents\visual studio 2012\Projects\Counting System\Counting System\Debug\link.4200-cvtres.read.1.tlog
d:\documents\visual studio 2012\Projects\Counting System\Counting System\Debug\link.4200-cvtres.write.1.tlog
d:\documents\visual studio 2012\Projects\Counting System\Counting System\Debug\link.4200-rc.read.1.tlog
d:\documents\visual studio 2012\Projects\Counting System\Counting System\Debug\link.4200-rc.write.1.tlog
d:\documents\visual studio 2012\Projects\Counting System\Counting System\Debug\link.4200.read.1.tlog
d:\documents\visual studio 2012\Projects\Counting System\Counting System\Debug\link.4200.write.1.tlog
d:\documents\visual studio 2012\Projects\Counting System\Counting System\Debug\link.4704-cvtres.read.1.tlog
d:\documents\visual studio 2012\Projects\Counting System\Counting System\Debug\link.4704-cvtres.write.1.tlog
d:\documents\visual studio 2012\Projects\Counting System\Counting System\Debug\link.4704-rc.read.1.tlog
d:\documents\visual studio 2012\Projects\Counting System\Counting System\Debug\link.4704-rc.write.1.tlog
d:\documents\visual studio 2012\Projects\Counting System\Counting System\Debug\link.4704.read.1.tlog
d:\documents\visual studio 2012\Projects\Counting System\Counting System\Debug\link.4704.write.1.tlog
d:\documents\visual studio 2012\Projects\Counting System\Counting System\Debug\link.4760-cvtres.read.1.tlog
d:\documents\visual studio 2012\Projects\Counting System\Counting System\Debug\link.4760-cvtres.write.1.tlog
d:\documents\visual studio 2012\Projects\Counting System\Counting System\Debug\link.4760-rc.read.1.tlog
d:\documents\visual studio 2012\Projects\Counting System\Counting System\Debug\link.4760-rc.write.1.tlog
d:\documents\visual studio 2012\Projects\Counting System\Counting System\Debug\link.4760.read.1.tlog
d:\documents\visual studio 2012\Projects\Counting System\Counting System\Debug\link.4760.write.1.tlog
d:\documents\visual studio 2012\Projects\Counting System\Counting System\Debug\link.5412-cvtres.read.1.tlog
d:\documents\visual studio 2012\Projects\Counting System\Counting System\Debug\link.5412-cvtres.write.1.tlog
d:\documents\visual studio 2012\Projects\Counting System\Counting System\Debug\link.5412-rc.read.1.tlog
d:\documents\visual studio 2012\Projects\Counting System\Counting System\Debug\link.5412-rc.write.1.tlog
d:\documents\visual studio 2012\Projects\Counting System\Counting System\Debug\link.5412.read.1.tlog
d:\documents\visual studio 2012\Projects\Counting System\Counting System\Debug\link.5412.write.1.tlog
d:\documents\visual studio 2012\Projects\Counting System\Counting System\Debug\link.6596-cvtres.read.1.tlog
d:\documents\visual studio 2012\Projects\Counting System\Counting System\Debug\link.6596-cvtres.write.1.tlog
d:\documents\visual studio 2012\Projects\Counting System\Counting System\Debug\link.6596-rc.read.1.tlog
d:\documents\visual studio 2012\Projects\Counting System\Counting System\Debug\link.6596-rc.write.1.tlog
d:\documents\visual studio 2012\Projects\Counting System\Counting System\Debug\link.6596.read.1.tlog
d:\documents\visual studio 2012\Projects\Counting System\Counting System\Debug\link.6596.write.1.tlog
d:\documents\visual studio 2012\Projects\Counting System\Counting System\Debug\link.8248-cvtres.read.1.tlog
d:\documents\visual studio 2012\Projects\Counting System\Counting System\Debug\link.8248-cvtres.write.1.tlog
d:\documents\visual studio 2012\Projects\Counting System\Counting System\Debug\link.8248-rc.read.1.tlog
d:\documents\visual studio 2012\Projects\Counting System\Counting System\Debug\link.8248-rc.write.1.tlog
d:\documents\visual studio 2012\Projects\Counting System\Counting System\Debug\link.8248.read.1.tlog
d:\documents\visual studio 2012\Projects\Counting System\Counting System\Debug\link.8248.write.1.tlog
d:\documents\visual studio 2012\Projects\Counting System\Counting System\Debug\link.9724-cvtres.read.1.tlog
d:\documents\visual studio 2012\Projects\Counting System\Counting System\Debug\link.9724-cvtres.write.1.tlog
d:\documents\visual studio 2012\Projects\Counting System\Counting System\Debug\link.9724-rc.read.1.tlog
d:\documents\visual studio 2012\Projects\Counting System\Counting System\Debug\link.9724-rc.write.1.tlog
d:\documents\visual studio 2012\Projects\Counting System\Counting System\Debug\link.9724.read.1.tlog
d:\documents\visual studio 2012\Projects\Counting System\Counting System\Debug\link.9724.write.1.tlog
d:\documents\visual studio 2012\Projects\Counting System\Counting System\Debug\link.command.1.tlog
d:\documents\visual studio 2012\Projects\Counting System\Counting System\Debug\link.read.1.tlog
d:\documents\visual studio 2012\Projects\Counting System\Counting System\Debug\link.write.1.tlog
d:\documents\visual studio 2012\Projects\Counting System\Counting System\Debug\vc110.idb
d:\documents\visual studio 2012\Projects\Counting System\Counting System\Debug\vc110.pdb
d:\documents\visual studio 2012\Projects\Counting System\Debug\Counting System.pdb
d:\documents\visual studio 2012\Projects\Counting System\Debug\Counting System.exe
d:\documents\visual studio 2012\Projects\Counting System\Debug\Counting System.ilk
