生成启动时间为 2014/10/12 20:40:26。
     1>项目“D:\Projects\Counting System-PC\Counting System\Counting System.vcxproj”在节点 2 上(Build 个目标)。
     1>ClCompile:
         D:\Program Files (x86)\Microsoft Visual Studio 11.0\VC\bin\CL.exe /c /ZI /nologo /W3 /WX- /Od /Oy- /D _MBCS /Gm /EHsc /RTC1 /MDd /GS /fp:precise /Zc:wchar_t /Zc:forScope /Fo"Debug\\" /Fd"Debug\vc110.pdb" /Gd /TP /analyze- /errorReport:prompt main.cpp
         main.cpp
     1>d:\projects\counting system-pc\counting system\main.cpp(87): warning C4244: “+=”: 从“double”转换到“int”，可能丢失数据
     1>d:\projects\counting system-pc\counting system\main.cpp(98): warning C4996: 'sprintf': This function or variable may be unsafe. Consider using sprintf_s instead. To disable deprecation, use _CRT_SECURE_NO_WARNINGS. See online help for details.
                 d:\program files (x86)\microsoft visual studio 11.0\vc\include\stdio.h(357) : 参见“sprintf”的声明
     1>d:\projects\counting system-pc\counting system\main.cpp(99): warning C4996: 'strcat': This function or variable may be unsafe. Consider using strcat_s instead. To disable deprecation, use _CRT_SECURE_NO_WARNINGS. See online help for details.
                 d:\program files (x86)\microsoft visual studio 11.0\vc\include\string.h(115) : 参见“strcat”的声明
       Link:
         D:\Program Files (x86)\Microsoft Visual Studio 11.0\VC\bin\link.exe /ERRORREPORT:PROMPT /OUT:"D:\Projects\Counting System-PC\Debug\Counting System.exe" /INCREMENTAL /NOLOGO opencv_core244d.lib opencv_imgproc244d.lib opencv_highgui244d.lib opencv_ml244d.lib opencv_video244d.lib opencv_features2d244d.lib opencv_calib3d244d.lib opencv_objdetect244d.lib opencv_contrib244d.lib opencv_legacy244d.lib opencv_flann244d.lib opencv_nonfree244d.lib kernel32.lib user32.lib gdi32.lib winspool.lib comdlg32.lib advapi32.lib shell32.lib ole32.lib oleaut32.lib uuid.lib odbc32.lib odbccp32.lib /MANIFEST /MANIFESTUAC:"level='asInvoker' uiAccess='false'" /manifest:embed /DEBUG /PDB:"D:\Projects\Counting System-PC\Debug\Counting System.pdb" /TLBID:1 /DYNAMICBASE /NXCOMPAT /IMPLIB:"D:\Projects\Counting System-PC\Debug\Counting System.lib" /MACHINE:X86 Debug\bm.obj
         Debug\GetEachClusterInfo.obj
         Debug\GetNewPts.obj
         Debug\Minimum_spanning_tree.obj
         Debug\newpoint.obj
         Debug\Surf.obj
         Debug\DBScan.obj
         Debug\main.obj
         Counting System.vcxproj -> D:\Projects\Counting System-PC\Debug\Counting System.exe
     1>已完成生成项目“D:\Projects\Counting System-PC\Counting System\Counting System.vcxproj”(Build 个目标)的操作。

生成成功。

已用时间 00:00:05.84
